This file contains any messages produced by compilers while
running configure, to aid debugging if configure makes a mistake.

It was created by libcoap configure 4.1.1, which was
generated by GNU Autoconf 2.69.  Invocation command line was

  $ ./configure 

## --------- ##
## Platform. ##
## --------- ##

hostname = dbox
uname -m = i686
uname -r = 3.2.0-29-generic-pae
uname -s = Linux
uname -v = #46-Ubuntu SMP Fri Jul 27 17:25:43 UTC 2012

/usr/bin/uname -p = unknown
/bin/uname -X     = unknown

/bin/arch              = unknown
/usr/bin/arch -k       = unknown
/usr/convex/getsysinfo = unknown
/usr/bin/hostinfo      = unknown
/bin/machine           = unknown
/usr/bin/oslevel       = unknown
/bin/universe          = unknown

PATH: /work/android/ndk-toolchain/bin
PATH: /work/android/ndk-toolchain/bin
PATH: /work/android/ndk-toolchain/bin
PATH: /usr/local/sbin
PATH: /usr/local/bin
PATH: /usr/sbin
PATH: /usr/bin
PATH: /sbin
PATH: /bin
PATH: /work/IoTGateway/openwrt-code/openwrt-46386-code/staging_dir/toolchain-arm_cortex-a9_gcc-4.8-linaro_glibc-2.21_eabi/bin
PATH: /work/android/adt-bundle-linux-x86-20140702/sdk/tools
PATH: /work/android/adt-bundle-linux-x86-20140702/sdk/platform-tools
PATH: /work/android/android-ndk-r10b
PATH: /work/android/adt-bundle-linux-x86-20140702/sdk/tools
PATH: /work/android/adt-bundle-linux-x86-20140702/sdk/platform-tools
PATH: /work/android/android-ndk-r10b
PATH: /work/android/adt-bundle-linux-x86-20140702/sdk/tools
PATH: /work/android/adt-bundle-linux-x86-20140702/sdk/platform-tools
PATH: /work/android/android-ndk-r10b


## ----------- ##
## Core tests. ##
## ----------- ##

configure:2175: checking whether make sets $(MAKE)
configure:2197: result: yes
configure:2254: checking for gcc
configure:2281: result: arm-linux-androideabi-gcc
configure:2510: checking for C compiler version
configure:2519: arm-linux-androideabi-gcc --version >&5
arm-linux-androideabi-gcc (GCC) 4.6 20120106 (prerelease)
Copyright (C) 2011 Free Software Foundation, Inc.
This is free software; see the source for copying conditions.  There is NO
warranty; not even for MERCHANTABILITY or FITNESS FOR A PARTICULAR PURPOSE.

configure:2530: $? = 0
configure:2519: arm-linux-androideabi-gcc -v >&5
Using built-in specs.
COLLECT_GCC=arm-linux-androideabi-gcc
COLLECT_LTO_WRAPPER=/work/android/ndk-toolchain/bin/../libexec/gcc/arm-linux-androideabi/4.6/lto-wrapper
Target: arm-linux-androideabi
Configured with: /s/ndk-toolchain/src/build/../gcc/gcc-4.6/configure --prefix=/tmp/ndk-andrewhsieh/build/toolchain/prefix --target=arm-linux-androideabi --host=x86_64-linux-gnu --build=x86_64-linux-gnu --with-gnu-as --with-gnu-ld --enable-languages=c,c++ --with-gmp=/tmp/ndk-andrewhsieh/build/toolchain/temp-install --with-mpfr=/tmp/ndk-andrewhsieh/build/toolchain/temp-install --with-mpc=/tmp/ndk-andrewhsieh/build/toolchain/temp-install --with-cloog=/tmp/ndk-andrewhsieh/build/toolchain/temp-install --with-isl=/tmp/ndk-andrewhsieh/build/toolchain/temp-install --with-ppl=/tmp/ndk-andrewhsieh/build/toolchain/temp-install --disable-ppl-version-check --disable-cloog-version-check --disable-isl-version-check --enable-cloog-backend=isl --with-host-libstdcxx='-static-libgcc -Wl,-Bstatic,-lstdc++,-Bdynamic -lm' --disable-libssp --enable-threads --disable-nls --disable-libmudflap --disable-libgomp --disable-libstdc__-v3 --disable-sjlj-exceptions --disable-shared --disable-tls --disable-libitm --with-float=soft --with-fpu=vfp --with-arch=armv5te --enable-target-optspace --enable-initfini-array --disable-nls --prefix=/tmp/ndk-andrewhsieh/build/toolchain/prefix --with-sysroot=/tmp/ndk-andrewhsieh/build/toolchain/prefix/sysroot --with-binutils-version=2.21 --with-mpfr-version=3.1.1 --with-mpc-version=1.0.1 --with-gmp-version=5.0.5 --with-gcc-version=4.6 --with-gdb-version=7.3.x --with-python=/usr/local/google/home/andrewhsieh/mydroid/ndk/prebuilt/linux-x86/bin/python-config.sh --with-gxx-include-dir=/tmp/ndk-andrewhsieh/build/toolchain/prefix/include/c++/4.6 --with-bugurl=http://source.android.com/source/report-bugs.html --disable-bootstrap --disable-libquadmath --enable-plugins --enable-libgomp --disable-libsanitizer --enable-gold --enable-graphite=yes --with-cloog-version=0.18.0 --with-ppl-version=1.0 --enable-eh-frame-hdr-for-static --with-arch=armv5te --program-transform-name='s&^&arm-linux-androideabi-&' --enable-gold=default
Thread model: posix
gcc version 4.6 20120106 (prerelease) (GCC) 
configure:2530: $? = 0
configure:2519: arm-linux-androideabi-gcc -V >&5
arm-linux-androideabi-gcc: error: unrecognized option '-V'
arm-linux-androideabi-gcc: fatal error: no input files
compilation terminated.
configure:2530: $? = 1
configure:2519: arm-linux-androideabi-gcc -qversion >&5
arm-linux-androideabi-gcc: error: unrecognized option '-qversion'
arm-linux-androideabi-gcc: fatal error: no input files
compilation terminated.
configure:2530: $? = 1
configure:2550: checking whether the C compiler works
configure:2572: arm-linux-androideabi-gcc    conftest.c  >&5
configure:2576: $? = 0
configure:2624: result: yes
configure:2627: checking for C compiler default output file name
configure:2629: result: a.out
configure:2635: checking for suffix of executables
configure:2642: arm-linux-androideabi-gcc -o conftest    conftest.c  >&5
configure:2646: $? = 0
configure:2668: result: 
configure:2690: checking whether we are cross compiling
configure:2698: arm-linux-androideabi-gcc -o conftest    conftest.c  >&5
configure:2702: $? = 0
configure:2709: ./conftest
./configure: line 2711: ./conftest: cannot execute binary file
configure:2713: $? = 126
configure:2720: error: in `/work/android/coap/libcoap-4.1.1':
configure:2722: error: cannot run C compiled programs.
If you meant to cross compile, use `--host'.
See `config.log' for more details

## ---------------- ##
## Cache variables. ##
## ---------------- ##

ac_cv_env_CC_set=set
ac_cv_env_CC_value=arm-linux-androideabi-gcc
ac_cv_env_CFLAGS_set=
ac_cv_env_CFLAGS_value=
ac_cv_env_CPPFLAGS_set=
ac_cv_env_CPPFLAGS_value=
ac_cv_env_CPP_set=
ac_cv_env_CPP_value=
ac_cv_env_LDFLAGS_set=
ac_cv_env_LDFLAGS_value=
ac_cv_env_LIBS_set=
ac_cv_env_LIBS_value=
ac_cv_env_build_alias_set=
ac_cv_env_build_alias_value=
ac_cv_env_host_alias_set=
ac_cv_env_host_alias_value=
ac_cv_env_target_alias_set=
ac_cv_env_target_alias_value=
ac_cv_prog_ac_ct_CC=arm-linux-androideabi-gcc
ac_cv_prog_make_make_set=yes

## ----------------- ##
## Output variables. ##
## ----------------- ##

BUILD_SO=''
CC='arm-linux-androideabi-gcc'
CFLAGS=''
CPP=''
CPPFLAGS=''
DEFS=''
DOXYGEN=''
ECHO_C=''
ECHO_N='-n'
ECHO_T=''
EGREP=''
ETAGS=''
EXEEXT=''
GREP=''
LDFLAGS=''
LIBOBJS=''
LIBS=''
LTLIBOBJS=''
OBJEXT=''
PACKAGE_BUGREPORT=''
PACKAGE_NAME='libcoap'
PACKAGE_STRING='libcoap 4.1.1'
PACKAGE_TARNAME='libcoap'
PACKAGE_URL=''
PACKAGE_VERSION='4.1.1'
PATH_SEPARATOR=':'
RANLIB=''
SET_MAKE=''
SHELL='/bin/bash'
TESTS=''
ac_ct_CC='arm-linux-androideabi-gcc'
bindir='${exec_prefix}/bin'
build_alias=''
datadir='${datarootdir}'
datarootdir='${prefix}/share'
docdir='${datarootdir}/doc/${PACKAGE_TARNAME}'
dvidir='${docdir}'
exec_prefix='NONE'
host_alias=''
htmldir='${docdir}'
includedir='${prefix}/include'
infodir='${datarootdir}/info'
libdir='${exec_prefix}/lib'
libexecdir='${exec_prefix}/libexec'
localedir='${datarootdir}/locale'
localstatedir='${prefix}/var'
mandir='${datarootdir}/man'
oldincludedir='/usr/include'
pdfdir='${docdir}'
prefix='NONE'
program_transform_name='s,x,x,'
psdir='${docdir}'
sbindir='${exec_prefix}/sbin'
sharedstatedir='${prefix}/com'
sysconfdir='${prefix}/etc'
target_alias=''

## ----------- ##
## confdefs.h. ##
## ----------- ##

/* confdefs.h */
#define PACKAGE_NAME "libcoap"
#define PACKAGE_TARNAME "libcoap"
#define PACKAGE_VERSION "4.1.1"
#define PACKAGE_STRING "libcoap 4.1.1"
#define PACKAGE_BUGREPORT ""
#define PACKAGE_URL ""

configure: exit 1
